********************************************************************************
DUPLICATOR-LITE PACKAGE-LOG: July 22, 2020 6:42 pm
NOTICE: Do NOT post to public sites or forums 
********************************************************************************
VERSION:	1.3.36
WORDPRESS:	4.9.15
PHP INFO:	7.3.2 | SAPI: apache2handler
SERVER:		Apache/2.4.38 (Win64) OpenSSL/1.1.1a PHP/7.3.2 
PHP TIME LIMIT: (0) no time limit imposed 
PHP MAX MEMORY: 4294967296 (128M default) 
MEMORY STACK: 14MB

********************************************************************************
DATABASE:
********************************************************************************
BUILD MODE:   MYSQLDUMP
MYSQLTIMEOUT: 5000
MYSQLDUMP:    Is Supported
SQL CREATED: 20200722_shop_bf9381335b75db878892_20200722184149_database.sql
SQL FILE SIZE: 820.11KB (839790)
SQL FILE TIME: 2020-07-22 18:42:32
SQL RUNTIME: 8.24 sec.

********************************************************************************
ARCHIVE (ZIP):
********************************************************************************
ARCHIVE DIR:  C:/xampp/htdocs/WooCommerce
ARCHIVE FILE: 20200722_shop_bf9381335b75db878892_20200722184149_archive.zip
FILTERS: *OFF*
DIRS:
	not set
FILES:
	not set
EXTS:  not set
----------------------------------------
COMPRESSING
SIZE:	96.39MB
STATS:	Dirs 765 | Files 5,306
SQL ADDED: 20200722_shop_bf9381335b75db878892_20200722184149_database.sql
ZipArchive Object
(
    [status] => 0
    [statusSys] => 0
    [numFiles] => 6071
    [filename] => C:\xampp\htdocs\WooCommerce\wp-content\backups-dup-lite\tmp\20200722_shop_bf9381335b75db878892_20200722184149_archive.zip
    [comment] => 
)

FILE ADDED TO ZIP: 6070
COMPRESSION RESULT: '1'
COMPRESSED SIZE: 39.44MB
ARCHIVE RUNTIME: 176.34 sec.
MEMORY STACK: 16MB
building installer
add_extra_files1
add_extra_files2
add_extra_files3
add_extra_files4
Doing archive file check
add_extra_files5
add_extra_files6
add_extra_files8
Successfully opened zip C:/xampp/htdocs/WooCommerce/wp-content/backups-dup-lite/tmp/20200722_shop_bf9381335b75db878892_20200722184149_archive.zip
Adding enhanced installer files to archive using ZipArchive
Installer files added to archive
Added to archive
After ziparchive close when adding installer

********************************************************************************
INTEGRITY CHECKS:
********************************************************************************
SQL FILE: 820.11KB
INSTALLER FILE: 61.31KB
ARCHIVE FILE: 40.94MB 
EXPECTED FILE/DIRECTORY COUNT: 6,071
ACTUAL FILE/DIRECTORY COUNT: 6,070
ARCHIVE CONSISTENCY TEST: Pass

********************************************************************************
RECORD ID:[1]
TOTAL PROCESS RUNTIME: 187.11 sec.
PEAK PHP MEMORY USED: 16MB
DONE PROCESSING => 20200722_shop July 22, 2020 6:45 pm

